2024-01-26T11:08:56.715Z - Executing (default): SELECT 1+1 AS result,[object Object]
2024-01-26T11:08:56.721Z - Executing (default): SELECT TABLE_NAME FROM INFORMATION_SCHEMA.TABLES WHERE TABLE_TYPE = 'BASE TABLE' AND TABLE_NAME = 'Logs' AND TABLE_SCHEMA = 'test',[object Object]
2024-01-26T11:08:56.728Z - Executing (default): SHOW INDEX FROM `Logs`,[object Object]
2024-01-26T11:09:36.785Z - Executing (default): DELETE FROM `Logs` WHERE `id` = '7',[object Object]
2024-01-26T11:09:36.797Z - Executing (default): SELECT `id`, `logtype`, `date`, `desc`, `count` FROM `Logs` AS `Log`;,[object Object]
2024-01-26T11:11:16.840Z - Executing (default): SELECT 1+1 AS result
2024-01-26T11:11:16.843Z - Executing (default): SELECT TABLE_NAME FROM INFORMATION_SCHEMA.TABLES WHERE TABLE_TYPE = 'BASE TABLE' AND TABLE_NAME = 'Logs' AND TABLE_SCHEMA = 'test'
2024-01-26T11:11:16.847Z - Executing (default): SHOW INDEX FROM `Logs`
2024-01-26T11:11:32.968Z - Executing (default): INSERT INTO `Logs` (`id`,`logtype`,`date`,`desc`,`count`,`createdAt`,`updatedAt`) VALUES (DEFAULT,?,?,?,?,?,?);
2024-01-26T11:11:32.975Z - New log entry created:日志类型 编程 , 日期：2024-01-25T00:00:00.000Z ,内容: React , 时长: 120
2024-01-26T11:11:32.985Z - Executing (default): SELECT `id`, `logtype`, `date`, `desc`, `count` FROM `Logs` AS `Log`;
2024-01-26T11:12:02.278Z - Executing (default): DELETE FROM `Logs` WHERE `id` = '8'
2024-01-26T11:12:02.286Z - Executing (default): SELECT `id`, `logtype`, `date`, `desc`, `count` FROM `Logs` AS `Log`;
2024-01-26T11:13:35.487Z - Executing (default): SELECT 1+1 AS result
2024-01-26T11:13:35.491Z - Executing (default): SELECT TABLE_NAME FROM INFORMATION_SCHEMA.TABLES WHERE TABLE_TYPE = 'BASE TABLE' AND TABLE_NAME = 'Logs' AND TABLE_SCHEMA = 'test'
2024-01-26T11:13:35.496Z - Executing (default): SHOW INDEX FROM `Logs`
2024-01-26T11:14:02.679Z - Executing (default): SELECT 1+1 AS result,[object Object]
2024-01-26T11:14:02.684Z - Executing (default): SELECT TABLE_NAME FROM INFORMATION_SCHEMA.TABLES WHERE TABLE_TYPE = 'BASE TABLE' AND TABLE_NAME = 'Logs' AND TABLE_SCHEMA = 'test',[object Object]
2024-01-26T11:14:02.689Z - Executing (default): SHOW INDEX FROM `Logs`,[object Object]
2024-01-26T11:15:39.189Z - Executing (default): SELECT 1+1 AS result,[object Object]
2024-01-26T11:15:39.195Z - Executing (default): SELECT TABLE_NAME FROM INFORMATION_SCHEMA.TABLES WHERE TABLE_TYPE = 'BASE TABLE' AND TABLE_NAME = 'Logs' AND TABLE_SCHEMA = 'test',[object Object]
2024-01-26T11:15:39.201Z - Executing (default): SHOW INDEX FROM `Logs`,[object Object]
2024-01-26T11:17:04.154Z - Executing (default): INSERT INTO `Logs` (`id`,`logtype`,`date`,`desc`,`count`,`createdAt`,`updatedAt`) VALUES (DEFAULT,?,?,?,?,?,?);,[object Object]
2024-01-26T11:17:04.162Z - New log entry created:日志类型 编程 , 日期：2024-01-26T00:00:00.000Z ,内容: 学习react , 时长: 22
2024-01-26T11:17:04.173Z - Executing (default): SELECT `id`, `logtype`, `date`, `desc`, `count` FROM `Logs` AS `Log`;,[object Object]
2024-01-26T11:25:47.024Z - Executing (default): SELECT 1+1 AS result
2024-01-26T11:25:47.028Z - Executing (default): SELECT TABLE_NAME FROM INFORMATION_SCHEMA.TABLES WHERE TABLE_TYPE = 'BASE TABLE' AND TABLE_NAME = 'Logs' AND TABLE_SCHEMA = 'test'
2024-01-26T11:25:47.032Z - Executing (default): SHOW INDEX FROM `Logs`
2024-01-26T11:26:17.951Z - Executing (default): SELECT 1+1 AS result,[object Object]
2024-01-26T11:26:17.956Z - Executing (default): SELECT TABLE_NAME FROM INFORMATION_SCHEMA.TABLES WHERE TABLE_TYPE = 'BASE TABLE' AND TABLE_NAME = 'Logs' AND TABLE_SCHEMA = 'test',[object Object]
2024-01-26T11:26:17.963Z - Executing (default): SHOW INDEX FROM `Logs`,[object Object]
2024-01-27T07:19:55.400Z - Executing (default): SELECT 1+1 AS result,[object Object]
2024-01-27T07:19:55.407Z - Executing (default): SELECT TABLE_NAME FROM INFORMATION_SCHEMA.TABLES WHERE TABLE_TYPE = 'BASE TABLE' AND TABLE_NAME = 'Logs' AND TABLE_SCHEMA = 'test',[object Object]
2024-01-27T07:19:55.414Z - Executing (default): SHOW INDEX FROM `Logs`,[object Object]
2024-01-27T07:20:11.152Z - Executing (default): SELECT 1+1 AS result,[object Object]
2024-01-27T07:20:11.159Z - Executing (default): SELECT TABLE_NAME FROM INFORMATION_SCHEMA.TABLES WHERE TABLE_TYPE = 'BASE TABLE' AND TABLE_NAME = 'Logs' AND TABLE_SCHEMA = 'test',[object Object]
2024-01-27T07:20:11.170Z - Executing (default): SHOW INDEX FROM `Logs`,[object Object]
2024-01-27T07:21:49.512Z - Executing (default): INSERT INTO `Logs` (`id`,`logtype`,`date`,`desc`,`count`,`createdAt`,`updatedAt`) VALUES (DEFAULT,?,?,?,?,?,?);,[object Object]
2024-01-27T07:21:49.519Z - New log entry created:日志类型 编程 , 日期：2024-01-27T00:00:00.000Z ,内容: TypeScript , 时长: 120
2024-01-27T07:21:49.534Z - Executing (default): SELECT `id`, `logtype`, `date`, `desc`, `count` FROM `Logs` AS `Log`;,[object Object]
2024-01-27T07:21:52.077Z - Executing (default): SELECT `id`, `logtype`, `date`, `desc`, `count` FROM `Logs` AS `Log`;,[object Object]
2024-01-27T07:21:52.087Z - Executing (default): SELECT `id`, `logtype`, `date`, `desc`, `count` FROM `Logs` AS `Log`;,[object Object]
2024-01-27T07:21:55.729Z - Executing (default): DELETE FROM `Logs` WHERE `id` = '10',[object Object]
2024-01-27T07:21:55.739Z - Executing (default): SELECT `id`, `logtype`, `date`, `desc`, `count` FROM `Logs` AS `Log`;,[object Object]
2024-01-27T07:22:54.329Z - Executing (default): SELECT 1+1 AS result,[object Object]
2024-01-27T07:22:54.337Z - Executing (default): SELECT TABLE_NAME FROM INFORMATION_SCHEMA.TABLES WHERE TABLE_TYPE = 'BASE TABLE' AND TABLE_NAME = 'Logs' AND TABLE_SCHEMA = 'test',[object Object]
2024-01-27T07:22:54.345Z - Executing (default): SHOW INDEX FROM `Logs`,[object Object]
2024-01-27T07:22:58.692Z - Executing (default): SELECT 1+1 AS result,[object Object]
2024-01-27T07:22:58.699Z - Executing (default): SELECT TABLE_NAME FROM INFORMATION_SCHEMA.TABLES WHERE TABLE_TYPE = 'BASE TABLE' AND TABLE_NAME = 'Logs' AND TABLE_SCHEMA = 'test',[object Object]
2024-01-27T07:22:58.707Z - Executing (default): SHOW INDEX FROM `Logs`,[object Object]
2024-01-27T07:23:02.897Z - Executing (default): SELECT 1+1 AS result,[object Object]
2024-01-27T07:23:02.905Z - Executing (default): SELECT TABLE_NAME FROM INFORMATION_SCHEMA.TABLES WHERE TABLE_TYPE = 'BASE TABLE' AND TABLE_NAME = 'Logs' AND TABLE_SCHEMA = 'test',[object Object]
2024-01-27T07:23:02.914Z - Executing (default): SHOW INDEX FROM `Logs`,[object Object]
2024-01-27T07:23:10.030Z - Executing (default): SELECT `id`, `logtype`, `date`, `desc`, `count` FROM `Logs` AS `Log`;,[object Object]
2024-01-27T07:23:10.045Z - Executing (default): SELECT `id`, `logtype`, `date`, `desc`, `count` FROM `Logs` AS `Log`;,[object Object]
2024-01-27T07:23:14.944Z - Executing (default): INSERT INTO `Logs` (`id`,`logtype`,`date`,`desc`,`count`,`createdAt`,`updatedAt`) VALUES (DEFAULT,?,?,?,?,?,?);,[object Object]
2024-01-27T07:23:14.950Z - New log entry created:[object Object]
2024-01-27T07:23:14.960Z - Executing (default): SELECT `id`, `logtype`, `date`, `desc`, `count` FROM `Logs` AS `Log`;,[object Object]
2024-01-27T07:23:18.698Z - Executing (default): DELETE FROM `Logs` WHERE `id` = '11',[object Object]
2024-01-27T07:23:18.709Z - Executing (default): SELECT `id`, `logtype`, `date`, `desc`, `count` FROM `Logs` AS `Log`;,[object Object]
2024-01-27T07:24:12.773Z - Executing (default): SELECT 1+1 AS result,[object Object]
2024-01-27T07:24:12.783Z - Executing (default): SELECT TABLE_NAME FROM INFORMATION_SCHEMA.TABLES WHERE TABLE_TYPE = 'BASE TABLE' AND TABLE_NAME = 'Logs' AND TABLE_SCHEMA = 'test',[object Object]
2024-01-27T07:24:12.792Z - Executing (default): SHOW INDEX FROM `Logs`,[object Object]
2024-01-27T07:25:54.749Z - Executing (default): SELECT `id`, `logtype`, `date`, `desc`, `count` FROM `Logs` AS `Log`;,[object Object]
2024-01-27T10:18:45.522Z - Executing (default): SELECT `id`, `logtype`, `date`, `desc`, `count` FROM `Logs` AS `Log`;,[object Object]
2024-01-27T13:03:59.039Z - Executing (default): SELECT 1+1 AS result,[object Object]
2024-01-27T13:03:59.049Z - Executing (default): SELECT TABLE_NAME FROM INFORMATION_SCHEMA.TABLES WHERE TABLE_TYPE = 'BASE TABLE' AND TABLE_NAME = 'Logs' AND TABLE_SCHEMA = 'test',[object Object]
2024-01-27T13:03:59.062Z - Executing (default): SHOW INDEX FROM `Logs`,[object Object]
2024-01-29T11:17:03.297Z - Executing (default): SELECT 1+1 AS result,[object Object]
2024-01-29T11:17:03.308Z - Executing (default): SELECT TABLE_NAME FROM INFORMATION_SCHEMA.TABLES WHERE TABLE_TYPE = 'BASE TABLE' AND TABLE_NAME = 'Logs' AND TABLE_SCHEMA = 'test',[object Object]
2024-01-29T11:17:03.322Z - Executing (default): SHOW INDEX FROM `Logs`,[object Object]
2024-01-29T11:19:46.822Z - Executing (default): SELECT `id`, `logtype`, `date`, `desc`, `count` FROM `Logs` AS `Log`;,[object Object]
2024-01-29T11:20:04.958Z - Executing (default): SELECT `id`, `logtype`, `date`, `desc`, `count` FROM `Logs` AS `Log`;,[object Object]
2024-01-29T11:20:30.976Z - Executing (default): SELECT `id`, `logtype`, `date`, `desc`, `count` FROM `Logs` AS `Log`;,[object Object]
2024-01-29T11:21:11.418Z - Executing (default): SELECT `id`, `logtype`, `date`, `desc`, `count` FROM `Logs` AS `Log`;,[object Object]
2024-01-29T11:21:20.264Z - Executing (default): SELECT `id`, `logtype`, `date`, `desc`, `count` FROM `Logs` AS `Log`;,[object Object]
2024-01-29T11:21:20.810Z - Executing (default): SELECT `id`, `logtype`, `date`, `desc`, `count` FROM `Logs` AS `Log`;,[object Object]
2024-01-29T11:21:21.034Z - Executing (default): SELECT `id`, `logtype`, `date`, `desc`, `count` FROM `Logs` AS `Log`;,[object Object]
2024-01-29T11:21:21.488Z - Executing (default): SELECT `id`, `logtype`, `date`, `desc`, `count` FROM `Logs` AS `Log`;,[object Object]
2024-01-29T11:21:21.712Z - Executing (default): SELECT `id`, `logtype`, `date`, `desc`, `count` FROM `Logs` AS `Log`;,[object Object]
2024-01-29T11:21:21.930Z - Executing (default): SELECT `id`, `logtype`, `date`, `desc`, `count` FROM `Logs` AS `Log`;,[object Object]
2024-01-29T11:21:22.130Z - Executing (default): SELECT `id`, `logtype`, `date`, `desc`, `count` FROM `Logs` AS `Log`;,[object Object]
2024-01-29T11:21:22.342Z - Executing (default): SELECT `id`, `logtype`, `date`, `desc`, `count` FROM `Logs` AS `Log`;,[object Object]
2024-01-29T11:21:22.551Z - Executing (default): SELECT `id`, `logtype`, `date`, `desc`, `count` FROM `Logs` AS `Log`;,[object Object]
2024-01-29T11:21:22.744Z - Executing (default): SELECT `id`, `logtype`, `date`, `desc`, `count` FROM `Logs` AS `Log`;,[object Object]
2024-01-29T11:21:22.944Z - Executing (default): SELECT `id`, `logtype`, `date`, `desc`, `count` FROM `Logs` AS `Log`;,[object Object]
2024-01-29T11:21:23.123Z - Executing (default): SELECT `id`, `logtype`, `date`, `desc`, `count` FROM `Logs` AS `Log`;,[object Object]
2024-01-29T11:21:24.116Z - Executing (default): SELECT `id`, `logtype`, `date`, `desc`, `count` FROM `Logs` AS `Log`;,[object Object]
2024-01-29T11:21:38.919Z - Executing (default): SELECT `id`, `logtype`, `date`, `desc`, `count` FROM `Logs` AS `Log`;,[object Object]
2024-01-29T11:22:40.887Z - Executing (default): SELECT `id`, `logtype`, `date`, `desc`, `count` FROM `Logs` AS `Log`;,[object Object]
2024-01-29T11:22:42.998Z - Executing (default): SELECT `id`, `logtype`, `date`, `desc`, `count` FROM `Logs` AS `Log`;,[object Object]
2024-01-29T11:22:44.373Z - Executing (default): SELECT `id`, `logtype`, `date`, `desc`, `count` FROM `Logs` AS `Log`;,[object Object]
2024-01-29T11:22:44.552Z - Executing (default): SELECT `id`, `logtype`, `date`, `desc`, `count` FROM `Logs` AS `Log`;,[object Object]
2024-01-29T11:22:44.729Z - Executing (default): SELECT `id`, `logtype`, `date`, `desc`, `count` FROM `Logs` AS `Log`;,[object Object]
2024-01-29T11:26:30.232Z - Executing (default): SELECT `id`, `logtype`, `date`, `desc`, `count` FROM `Logs` AS `Log`;,[object Object]
2024-01-29T11:26:50.920Z - Executing (default): SELECT `id`, `logtype`, `date`, `desc`, `count` FROM `Logs` AS `Log`;,[object Object]
2024-01-29T11:26:59.377Z - Executing (default): SELECT `id`, `logtype`, `date`, `desc`, `count` FROM `Logs` AS `Log`;,[object Object]
2024-01-29T11:27:08.898Z - Executing (default): SELECT `id`, `logtype`, `date`, `desc`, `count` FROM `Logs` AS `Log`;,[object Object]
2024-01-29T11:27:18.076Z - Executing (default): SELECT `id`, `logtype`, `date`, `desc`, `count` FROM `Logs` AS `Log`;,[object Object]
2024-01-29T11:27:40.477Z - Executing (default): SELECT `id`, `logtype`, `date`, `desc`, `count` FROM `Logs` AS `Log`;,[object Object]
2024-01-29T11:36:50.718Z - Executing (default): SELECT `id`, `logtype`, `date`, `desc`, `count` FROM `Logs` AS `Log`;,[object Object]
2024-01-29T11:36:55.072Z - Executing (default): SELECT `id`, `logtype`, `date`, `desc`, `count` FROM `Logs` AS `Log`;,[object Object]
2024-01-29T11:36:55.722Z - Executing (default): SELECT `id`, `logtype`, `date`, `desc`, `count` FROM `Logs` AS `Log`;,[object Object]
2024-01-29T11:36:56.203Z - Executing (default): SELECT `id`, `logtype`, `date`, `desc`, `count` FROM `Logs` AS `Log`;,[object Object]
2024-01-29T11:36:56.414Z - Executing (default): SELECT `id`, `logtype`, `date`, `desc`, `count` FROM `Logs` AS `Log`;,[object Object]
2024-01-29T11:36:56.645Z - Executing (default): SELECT `id`, `logtype`, `date`, `desc`, `count` FROM `Logs` AS `Log`;,[object Object]
2024-01-29T11:36:56.812Z - Executing (default): SELECT `id`, `logtype`, `date`, `desc`, `count` FROM `Logs` AS `Log`;,[object Object]
2024-01-29T11:36:56.996Z - Executing (default): SELECT `id`, `logtype`, `date`, `desc`, `count` FROM `Logs` AS `Log`;,[object Object]
2024-01-29T11:36:57.224Z - Executing (default): SELECT `id`, `logtype`, `date`, `desc`, `count` FROM `Logs` AS `Log`;,[object Object]
2024-01-29T11:36:57.407Z - Executing (default): SELECT `id`, `logtype`, `date`, `desc`, `count` FROM `Logs` AS `Log`;,[object Object]
2024-01-29T11:36:57.607Z - Executing (default): SELECT `id`, `logtype`, `date`, `desc`, `count` FROM `Logs` AS `Log`;,[object Object]
2024-01-29T11:36:57.803Z - Executing (default): SELECT `id`, `logtype`, `date`, `desc`, `count` FROM `Logs` AS `Log`;,[object Object]
2024-01-29T11:37:31.207Z - Executing (default): SELECT `id`, `logtype`, `date`, `desc`, `count` FROM `Logs` AS `Log`;,[object Object]
2024-01-29T11:37:36.885Z - Executing (default): SELECT `id`, `logtype`, `date`, `desc`, `count` FROM `Logs` AS `Log`;,[object Object]
2024-01-29T11:38:05.996Z - Executing (default): SELECT `id`, `logtype`, `date`, `desc`, `count` FROM `Logs` AS `Log`;,[object Object]
2024-01-29T11:38:29.746Z - Executing (default): SELECT `id`, `logtype`, `date`, `desc`, `count` FROM `Logs` AS `Log`;,[object Object]
2024-01-29T11:38:39.090Z - Executing (default): SELECT `id`, `logtype`, `date`, `desc`, `count` FROM `Logs` AS `Log`;,[object Object]
2024-01-29T11:39:14.222Z - Executing (default): SELECT `id`, `logtype`, `date`, `desc`, `count` FROM `Logs` AS `Log`;,[object Object]
2024-01-29T11:39:28.020Z - Executing (default): SELECT `id`, `logtype`, `date`, `desc`, `count` FROM `Logs` AS `Log`;,[object Object]
2024-01-29T11:40:44.586Z - Executing (default): SELECT `id`, `logtype`, `date`, `desc`, `count` FROM `Logs` AS `Log`;,[object Object]
2024-01-29T11:41:01.833Z - Executing (default): SELECT `id`, `logtype`, `date`, `desc`, `count` FROM `Logs` AS `Log`;,[object Object]
2024-01-29T11:47:01.031Z - Executing (default): SELECT `id`, `logtype`, `date`, `desc`, `count` FROM `Logs` AS `Log`;,[object Object]
2024-01-29T11:53:04.022Z - Executing (default): SELECT `id`, `logtype`, `date`, `desc`, `count` FROM `Logs` AS `Log`;,[object Object]
2024-01-30T08:11:08.498Z - Executing (default): SELECT 1+1 AS result,[object Object]
2024-01-30T08:11:08.507Z - Executing (default): SELECT TABLE_NAME FROM INFORMATION_SCHEMA.TABLES WHERE TABLE_TYPE = 'BASE TABLE' AND TABLE_NAME = 'Logs' AND TABLE_SCHEMA = 'test',[object Object]
2024-01-30T08:11:08.522Z - Executing (default): SHOW INDEX FROM `Logs`,[object Object]
2024-01-30T08:11:59.400Z - Executing (default): SELECT `id`, `logtype`, `date`, `desc`, `count` FROM `Logs` AS `Log`;,[object Object]
2024-01-30T08:19:52.164Z - Executing (default): SELECT `id`, `logtype`, `date`, `desc`, `count` FROM `Logs` AS `Log`;,[object Object]
2024-01-30T08:33:40.172Z - Executing (default): SELECT `id`, `logtype`, `date`, `desc`, `count` FROM `Logs` AS `Log`;,[object Object]
2024-01-30T08:34:24.603Z - Executing (default): INSERT INTO `Logs` (`id`,`logtype`,`date`,`desc`,`count`,`createdAt`,`updatedAt`) VALUES (DEFAULT,?,?,?,?,?,?);,[object Object]
2024-01-30T08:34:24.611Z - New log entry created:日志类型 编程 , 日期：2024-01-29T00:00:00.000Z ,内容: React , 时长: 20
2024-01-30T08:34:29.476Z - Executing (default): SELECT `id`, `logtype`, `date`, `desc`, `count` FROM `Logs` AS `Log`;,[object Object]
2024-01-30T08:34:40.684Z - Executing (default): INSERT INTO `Logs` (`id`,`logtype`,`date`,`desc`,`count`,`createdAt`,`updatedAt`) VALUES (DEFAULT,?,?,?,?,?,?);,[object Object]
2024-01-30T08:34:40.689Z - New log entry created:日志类型 编程 , 日期：2024-01-27T00:00:00.000Z ,内容: TypeScript , 时长: 120
2024-01-30T08:34:43.243Z - Executing (default): SELECT `id`, `logtype`, `date`, `desc`, `count` FROM `Logs` AS `Log`;,[object Object]
2024-01-30T08:35:05.426Z - Executing (default): INSERT INTO `Logs` (`id`,`logtype`,`date`,`desc`,`count`,`createdAt`,`updatedAt`) VALUES (DEFAULT,?,?,?,?,?,?);,[object Object]
2024-01-30T08:35:05.430Z - New log entry created:日志类型 编程 , 日期：2024-01-24T00:00:00.000Z ,内容: TypeScript , 时长: 120
2024-01-30T08:35:31.397Z - Executing (default): DELETE FROM `Logs` WHERE `id` = '11',[object Object]
2024-01-30T08:35:31.407Z - Executing (default): SELECT `id`, `logtype`, `date`, `desc`, `count` FROM `Logs` AS `Log`;,[object Object]
2024-01-30T08:35:34.359Z - Executing (default): SELECT `id`, `logtype`, `date`, `desc`, `count` FROM `Logs` AS `Log`;,[object Object]
2024-01-30T08:35:37.078Z - Executing (default): DELETE FROM `Logs` WHERE `id` = '12',[object Object]
2024-01-30T08:35:37.088Z - Executing (default): SELECT `id`, `logtype`, `date`, `desc`, `count` FROM `Logs` AS `Log`;,[object Object]
2024-01-30T08:35:37.472Z - Executing (default): SELECT `id`, `logtype`, `date`, `desc`, `count` FROM `Logs` AS `Log`;,[object Object]
2024-01-30T08:35:39.468Z - Executing (default): DELETE FROM `Logs` WHERE `id` = '10',[object Object]
2024-01-30T08:35:39.478Z - Executing (default): SELECT `id`, `logtype`, `date`, `desc`, `count` FROM `Logs` AS `Log`;,[object Object]
2024-01-30T08:35:41.382Z - Executing (default): DELETE FROM `Logs` WHERE `id` = '9',[object Object]
2024-01-30T08:35:41.391Z - Executing (default): SELECT `id`, `logtype`, `date`, `desc`, `count` FROM `Logs` AS `Log`;,[object Object]
2024-01-30T08:36:29.296Z - Executing (default): SELECT `id`, `logtype`, `date`, `desc`, `count` FROM `Logs` AS `Log`;,[object Object]
2024-01-30T08:37:57.782Z - Executing (default): SELECT `id`, `logtype`, `date`, `desc`, `count` FROM `Logs` AS `Log`;,[object Object]
2024-01-30T08:38:08.860Z - Executing (default): INSERT INTO `Logs` (`id`,`logtype`,`date`,`desc`,`count`,`createdAt`,`updatedAt`) VALUES (DEFAULT,?,?,?,?,?,?);,[object Object]
2024-01-30T08:38:08.863Z - New log entry created:日志类型 编程 , 日期：2024-01-25T00:00:00.000Z ,内容: 学习react , 时长: 22
2024-01-30T08:38:25.669Z - Executing (default): SELECT `id`, `logtype`, `date`, `desc`, `count` FROM `Logs` AS `Log`;,[object Object]
2024-01-30T08:38:30.107Z - Executing (default): DELETE FROM `Logs` WHERE `id` = '13',[object Object]
2024-01-30T08:38:30.119Z - Executing (default): SELECT `id`, `logtype`, `date`, `desc`, `count` FROM `Logs` AS `Log`;,[object Object]
2024-01-30T08:38:46.499Z - Executing (default): INSERT INTO `Logs` (`id`,`logtype`,`date`,`desc`,`count`,`createdAt`,`updatedAt`) VALUES (DEFAULT,?,?,?,?,?,?);,[object Object]
2024-01-30T08:38:46.504Z - New log entry created:日志类型 编程 , 日期：2024-01-19T00:00:00.000Z ,内容: React , 时长: 120
2024-01-30T08:40:38.949Z - Executing (default): SELECT `id`, `logtype`, `date`, `desc`, `count` FROM `Logs` AS `Log`;,[object Object]
2024-01-30T08:40:46.057Z - Executing (default): INSERT INTO `Logs` (`id`,`logtype`,`date`,`desc`,`count`,`createdAt`,`updatedAt`) VALUES (DEFAULT,?,?,?,?,?,?);,[object Object]
2024-01-30T08:40:46.060Z - New log entry created:日志类型 编程 , 日期：2024-01-27T00:00:00.000Z ,内容: TypeScript , 时长: 120
2024-01-30T08:41:08.755Z - Executing (default): SELECT `id`, `logtype`, `date`, `desc`, `count` FROM `Logs` AS `Log`;,[object Object]
2024-01-30T08:41:14.274Z - Executing (default): INSERT INTO `Logs` (`id`,`logtype`,`date`,`desc`,`count`,`createdAt`,`updatedAt`) VALUES (DEFAULT,?,?,?,?,?,?);,[object Object]
2024-01-30T08:41:14.277Z - New log entry created:日志类型 编程 , 日期：2024-01-19T00:00:00.000Z ,内容: React , 时长: 120
2024-01-30T08:41:19.920Z - Executing (default): SELECT `id`, `logtype`, `date`, `desc`, `count` FROM `Logs` AS `Log`;,[object Object]
2024-01-30T08:41:43.572Z - Executing (default): SELECT `id`, `logtype`, `date`, `desc`, `count` FROM `Logs` AS `Log`;,[object Object]
2024-01-30T08:41:46.935Z - Executing (default): DELETE FROM `Logs` WHERE `id` = '16',[object Object]
2024-01-30T08:41:46.947Z - Executing (default): SELECT `id`, `logtype`, `date`, `desc`, `count` FROM `Logs` AS `Log`;,[object Object]
2024-01-30T08:42:38.054Z - Executing (default): SELECT `id`, `logtype`, `date`, `desc`, `count` FROM `Logs` AS `Log`;,[object Object]
2024-01-30T08:42:46.365Z - Executing (default): INSERT INTO `Logs` (`id`,`logtype`,`date`,`desc`,`count`,`createdAt`,`updatedAt`) VALUES (DEFAULT,?,?,?,?,?,?);,[object Object]
2024-01-30T08:42:46.369Z - New log entry created:日志类型 编程 , 日期：2024-01-27T00:00:00.000Z ,内容: TypeScript , 时长: 20
2024-01-30T08:43:18.779Z - Executing (default): SELECT `id`, `logtype`, `date`, `desc`, `count` FROM `Logs` AS `Log`;,[object Object]
2024-01-30T08:43:30.431Z - Executing (default): DELETE FROM `Logs` WHERE `id` = '17',[object Object]
2024-01-30T08:43:30.443Z - Executing (default): SELECT `id`, `logtype`, `date`, `desc`, `count` FROM `Logs` AS `Log`;,[object Object]
2024-01-30T08:43:32.273Z - Executing (default): DELETE FROM `Logs` WHERE `id` = '15',[object Object]
2024-01-30T08:43:32.285Z - Executing (default): SELECT `id`, `logtype`, `date`, `desc`, `count` FROM `Logs` AS `Log`;,[object Object]
2024-01-30T08:43:34.707Z - Executing (default): DELETE FROM `Logs` WHERE `id` = '14',[object Object]
2024-01-30T08:43:34.718Z - Executing (default): SELECT `id`, `logtype`, `date`, `desc`, `count` FROM `Logs` AS `Log`;,[object Object]
2024-01-30T08:43:42.654Z - Executing (default): INSERT INTO `Logs` (`id`,`logtype`,`date`,`desc`,`count`,`createdAt`,`updatedAt`) VALUES (DEFAULT,?,?,?,?,?,?);,[object Object]
2024-01-30T08:43:42.657Z - New log entry created:日志类型 编程 , 日期：2024-01-26T00:00:00.000Z ,内容: React , 时长: 22
2024-01-30T08:44:57.720Z - Executing (default): SELECT `id`, `logtype`, `date`, `desc`, `count` FROM `Logs` AS `Log`;,[object Object]
2024-01-30T08:45:03.538Z - Executing (default): INSERT INTO `Logs` (`id`,`logtype`,`date`,`desc`,`count`,`createdAt`,`updatedAt`) VALUES (DEFAULT,?,?,?,?,?,?);,[object Object]
2024-01-30T08:45:03.542Z - New log entry created:日志类型 编程 , 日期：2024-02-01T00:00:00.000Z ,内容: TypeScript , 时长: 22
2024-01-30T08:45:03.550Z - Executing (default): SELECT `id`, `logtype`, `date`, `desc`, `count` FROM `Logs` AS `Log`;,[object Object]
2024-01-30T08:45:14.313Z - Executing (default): SELECT `id`, `logtype`, `date`, `desc`, `count` FROM `Logs` AS `Log`;,[object Object]
2024-01-30T08:45:18.383Z - Executing (default): DELETE FROM `Logs` WHERE `id` = '18',[object Object]
2024-01-30T08:45:18.394Z - Executing (default): SELECT `id`, `logtype`, `date`, `desc`, `count` FROM `Logs` AS `Log`;,[object Object]
2024-01-30T08:45:29.386Z - Executing (default): INSERT INTO `Logs` (`id`,`logtype`,`date`,`desc`,`count`,`createdAt`,`updatedAt`) VALUES (DEFAULT,?,?,?,?,?,?);,[object Object]
2024-01-30T08:45:29.389Z - New log entry created:日志类型 编程 , 日期：2024-01-25T00:00:00.000Z ,内容: TypeScript , 时长: 20
2024-01-30T08:45:29.398Z - Executing (default): SELECT `id`, `logtype`, `date`, `desc`, `count` FROM `Logs` AS `Log`;,[object Object]
2024-01-30T08:45:42.352Z - Executing (default): INSERT INTO `Logs` (`id`,`logtype`,`date`,`desc`,`count`,`createdAt`,`updatedAt`) VALUES (DEFAULT,?,?,?,?,?,?);,[object Object]
2024-01-30T08:45:42.355Z - New log entry created:日志类型 编程 , 日期：2024-01-27T00:00:00.000Z ,内容: React , 时长: 22
2024-01-30T08:45:42.366Z - Executing (default): SELECT `id`, `logtype`, `date`, `desc`, `count` FROM `Logs` AS `Log`;,[object Object]
2024-01-30T08:45:45.155Z - Executing (default): DELETE FROM `Logs` WHERE `id` = '21',[object Object]
2024-01-30T08:45:45.164Z - Executing (default): SELECT `id`, `logtype`, `date`, `desc`, `count` FROM `Logs` AS `Log`;,[object Object]
2024-01-30T08:45:46.920Z - Executing (default): DELETE FROM `Logs` WHERE `id` = '20',[object Object]
2024-01-30T08:45:46.929Z - Executing (default): SELECT `id`, `logtype`, `date`, `desc`, `count` FROM `Logs` AS `Log`;,[object Object]
2024-01-30T08:47:33.168Z - Executing (default): SELECT `id`, `logtype`, `date`, `desc`, `count` FROM `Logs` AS `Log`;,[object Object]
2024-01-30T08:47:54.527Z - Executing (default): SELECT 1+1 AS result,[object Object]
2024-01-30T08:47:54.535Z - Executing (default): SELECT TABLE_NAME FROM INFORMATION_SCHEMA.TABLES WHERE TABLE_TYPE = 'BASE TABLE' AND TABLE_NAME = 'Logs' AND TABLE_SCHEMA = 'test',[object Object]
2024-01-30T08:47:54.546Z - Executing (default): SHOW INDEX FROM `Logs`,[object Object]
2024-01-30T08:48:04.407Z - Executing (default): SELECT 1+1 AS result,[object Object]
2024-01-30T08:48:04.416Z - Executing (default): SELECT TABLE_NAME FROM INFORMATION_SCHEMA.TABLES WHERE TABLE_TYPE = 'BASE TABLE' AND TABLE_NAME = 'Logs' AND TABLE_SCHEMA = 'test',[object Object]
2024-01-30T08:48:04.426Z - Executing (default): SHOW INDEX FROM `Logs`,[object Object]
2024-01-30T08:48:08.836Z - Executing (default): SELECT 1+1 AS result,[object Object]
2024-01-30T08:48:08.843Z - Executing (default): SELECT TABLE_NAME FROM INFORMATION_SCHEMA.TABLES WHERE TABLE_TYPE = 'BASE TABLE' AND TABLE_NAME = 'Logs' AND TABLE_SCHEMA = 'test',[object Object]
2024-01-30T08:48:08.851Z - Executing (default): SHOW INDEX FROM `Logs`,[object Object]
2024-01-30T08:48:17.816Z - Executing (default): SELECT 1+1 AS result,[object Object]
2024-01-30T08:48:17.825Z - Executing (default): SELECT TABLE_NAME FROM INFORMATION_SCHEMA.TABLES WHERE TABLE_TYPE = 'BASE TABLE' AND TABLE_NAME = 'Logs' AND TABLE_SCHEMA = 'test',[object Object]
2024-01-30T08:48:17.838Z - Executing (default): SHOW INDEX FROM `Logs`,[object Object]
2024-01-30T08:48:46.187Z - Executing (default): SELECT 1+1 AS result,[object Object]
2024-01-30T08:48:46.196Z - Executing (default): SELECT TABLE_NAME FROM INFORMATION_SCHEMA.TABLES WHERE TABLE_TYPE = 'BASE TABLE' AND TABLE_NAME = 'Logs' AND TABLE_SCHEMA = 'test',[object Object]
2024-01-30T08:48:46.207Z - Executing (default): SHOW INDEX FROM `Logs`,[object Object]
2024-01-30T08:48:48.966Z - Executing (default): SELECT 1+1 AS result,[object Object]
2024-01-30T08:48:48.974Z - Executing (default): SELECT TABLE_NAME FROM INFORMATION_SCHEMA.TABLES WHERE TABLE_TYPE = 'BASE TABLE' AND TABLE_NAME = 'Logs' AND TABLE_SCHEMA = 'test',[object Object]
2024-01-30T08:48:48.988Z - Executing (default): SHOW INDEX FROM `Logs`,[object Object]
2024-01-30T08:48:54.404Z - Executing (default): SELECT 1+1 AS result,[object Object]
2024-01-30T08:48:54.412Z - Executing (default): SELECT TABLE_NAME FROM INFORMATION_SCHEMA.TABLES WHERE TABLE_TYPE = 'BASE TABLE' AND TABLE_NAME = 'Logs' AND TABLE_SCHEMA = 'test',[object Object]
2024-01-30T08:48:54.421Z - Executing (default): SHOW INDEX FROM `Logs`,[object Object]
2024-01-30T08:49:13.864Z - Executing (default): SELECT 1+1 AS result,[object Object]
2024-01-30T08:49:13.874Z - Executing (default): SELECT TABLE_NAME FROM INFORMATION_SCHEMA.TABLES WHERE TABLE_TYPE = 'BASE TABLE' AND TABLE_NAME = 'Logs' AND TABLE_SCHEMA = 'test',[object Object]
2024-01-30T08:49:13.889Z - Executing (default): SHOW INDEX FROM `Logs`,[object Object]
2024-01-30T08:49:19.916Z - Executing (default): SELECT `id`, `logtype`, `date`, `desc`, `count` FROM `Logs` AS `Log`;,[object Object]
2024-01-30T08:49:26.223Z - Executing (default): INSERT INTO `Logs` (`id`,`logtype`,`date`,`desc`,`count`,`createdAt`,`updatedAt`) VALUES (DEFAULT,?,?,?,?,?,?);,[object Object]
2024-01-30T08:49:26.231Z - New log entry created:日志类型 编程 , 日期：2024-01-27T00:00:00.000Z ,内容: React , 时长: 60
2024-01-30T08:49:26.239Z - Executing (default): SELECT `id`, `logtype`, `date`, `desc`, `count` FROM `Logs` AS `Log`;,[object Object]
2024-01-30T08:49:28.394Z - Executing (default): SELECT `id`, `logtype`, `date`, `desc`, `count` FROM `Logs` AS `Log`;,[object Object]
2024-01-30T08:49:30.640Z - Executing (default): SELECT `id`, `logtype`, `date`, `desc`, `count` FROM `Logs` AS `Log`;,[object Object]
2024-01-30T08:50:04.414Z - Executing (default): SELECT 1+1 AS result,[object Object]
2024-01-30T08:50:04.424Z - Executing (default): SELECT TABLE_NAME FROM INFORMATION_SCHEMA.TABLES WHERE TABLE_TYPE = 'BASE TABLE' AND TABLE_NAME = 'Logs' AND TABLE_SCHEMA = 'test',[object Object]
2024-01-30T08:50:04.435Z - Executing (default): SHOW INDEX FROM `Logs`,[object Object]
2024-01-30T08:50:11.742Z - Executing (default): DELETE FROM `Logs` WHERE `id` = '22',[object Object]
2024-01-30T08:50:11.755Z - Executing (default): SELECT `id`, `logtype`, `date`, `desc`, `count` FROM `Logs` AS `Log`;,[object Object]
2024-01-30T08:50:13.588Z - Executing (default): SELECT `id`, `logtype`, `date`, `desc`, `count` FROM `Logs` AS `Log`;,[object Object]
2024-01-30T08:50:13.804Z - Executing (default): SELECT `id`, `logtype`, `date`, `desc`, `count` FROM `Logs` AS `Log`;,[object Object]
2024-01-30T08:50:13.991Z - Executing (default): SELECT `id`, `logtype`, `date`, `desc`, `count` FROM `Logs` AS `Log`;,[object Object]
2024-01-30T08:50:14.176Z - Executing (default): SELECT `id`, `logtype`, `date`, `desc`, `count` FROM `Logs` AS `Log`;,[object Object]
2024-01-30T08:50:14.337Z - Executing (default): SELECT `id`, `logtype`, `date`, `desc`, `count` FROM `Logs` AS `Log`;,[object Object]
2024-01-30T08:50:14.522Z - Executing (default): SELECT `id`, `logtype`, `date`, `desc`, `count` FROM `Logs` AS `Log`;,[object Object]
2024-01-30T08:50:14.686Z - Executing (default): SELECT `id`, `logtype`, `date`, `desc`, `count` FROM `Logs` AS `Log`;,[object Object]
2024-01-30T09:17:24.180Z - Executing (default): SELECT `id`, `logtype`, `date`, `desc`, `count` FROM `Logs` AS `Log`;,[object Object]
2024-01-30T09:17:27.542Z - Executing (default): SELECT `id`, `logtype`, `date`, `desc`, `count` FROM `Logs` AS `Log`;,[object Object]
2024-01-30T09:17:27.702Z - Executing (default): SELECT `id`, `logtype`, `date`, `desc`, `count` FROM `Logs` AS `Log`;,[object Object]
2024-01-30T09:17:27.972Z - Executing (default): SELECT `id`, `logtype`, `date`, `desc`, `count` FROM `Logs` AS `Log`;,[object Object]
2024-01-30T09:17:28.149Z - Executing (default): SELECT `id`, `logtype`, `date`, `desc`, `count` FROM `Logs` AS `Log`;,[object Object]
2024-01-30T09:17:28.317Z - Executing (default): SELECT `id`, `logtype`, `date`, `desc`, `count` FROM `Logs` AS `Log`;,[object Object]
2024-01-30T09:17:28.561Z - Executing (default): SELECT `id`, `logtype`, `date`, `desc`, `count` FROM `Logs` AS `Log`;,[object Object]
2024-01-30T09:17:28.683Z - Executing (default): SELECT `id`, `logtype`, `date`, `desc`, `count` FROM `Logs` AS `Log`;,[object Object]
2024-01-30T09:17:35.166Z - Executing (default): SELECT `id`, `logtype`, `date`, `desc`, `count` FROM `Logs` AS `Log`;,[object Object]
2024-01-30T09:23:37.291Z - Executing (default): SELECT `id`, `logtype`, `date`, `desc`, `count` FROM `Logs` AS `Log`;,[object Object]
2024-01-30T09:23:47.866Z - Executing (default): SELECT `id`, `logtype`, `date`, `desc`, `count` FROM `Logs` AS `Log`;,[object Object]
2024-01-30T09:24:02.458Z - Executing (default): SELECT `id`, `logtype`, `date`, `desc`, `count` FROM `Logs` AS `Log`;,[object Object]
2024-01-30T09:24:26.495Z - Executing (default): SELECT `id`, `logtype`, `date`, `desc`, `count` FROM `Logs` AS `Log`;,[object Object]
2024-01-30T09:34:03.178Z - Executing (default): SELECT `id`, `logtype`, `date`, `desc`, `count` FROM `Logs` AS `Log`;,[object Object]
2024-01-30T10:00:38.551Z - Executing (default): SELECT `id`, `logtype`, `date`, `desc`, `count` FROM `Logs` AS `Log`;,[object Object]
2024-01-30T10:05:05.171Z - Executing (default): SELECT `id`, `logtype`, `date`, `desc`, `count` FROM `Logs` AS `Log`;,[object Object]
2024-01-30T10:05:22.831Z - Executing (default): SELECT `id`, `logtype`, `date`, `desc`, `count` FROM `Logs` AS `Log`;,[object Object]
2024-01-30T10:06:36.191Z - Executing (default): SELECT `id`, `logtype`, `date`, `desc`, `count` FROM `Logs` AS `Log`;,[object Object]
2024-01-30T10:14:10.965Z - Executing (default): SELECT `id`, `logtype`, `date`, `desc`, `count` FROM `Logs` AS `Log`;,[object Object]
2024-01-30T10:14:12.737Z - Executing (default): SELECT `id`, `logtype`, `date`, `desc`, `count` FROM `Logs` AS `Log`;,[object Object]
2024-01-30T10:14:12.999Z - Executing (default): SELECT `id`, `logtype`, `date`, `desc`, `count` FROM `Logs` AS `Log`;,[object Object]
2024-01-30T10:14:13.169Z - Executing (default): SELECT `id`, `logtype`, `date`, `desc`, `count` FROM `Logs` AS `Log`;,[object Object]
2024-01-30T10:14:13.352Z - Executing (default): SELECT `id`, `logtype`, `date`, `desc`, `count` FROM `Logs` AS `Log`;,[object Object]
2024-01-30T10:14:13.545Z - Executing (default): SELECT `id`, `logtype`, `date`, `desc`, `count` FROM `Logs` AS `Log`;,[object Object]
2024-01-30T10:14:25.271Z - Executing (default): SELECT `id`, `logtype`, `date`, `desc`, `count` FROM `Logs` AS `Log`;,[object Object]
2024-01-30T10:15:35.170Z - Executing (default): SELECT 1+1 AS result,[object Object]
2024-01-30T10:15:35.180Z - Executing (default): SELECT TABLE_NAME FROM INFORMATION_SCHEMA.TABLES WHERE TABLE_TYPE = 'BASE TABLE' AND TABLE_NAME = 'Logs' AND TABLE_SCHEMA = 'test',[object Object]
2024-01-30T10:15:35.190Z - Executing (default): SHOW INDEX FROM `Logs`,[object Object]
2024-01-30T10:15:58.112Z - Executing (default): SELECT `id`, `logtype`, `date`, `desc`, `count` FROM `Logs` AS `Log`;,[object Object]
2024-01-30T10:16:51.898Z - Executing (default): SELECT `id`, `logtype`, `date`, `desc`, `count` FROM `Logs` AS `Log`;,[object Object]
2024-01-30T10:17:54.556Z - Executing (default): SELECT `id`, `logtype`, `date`, `desc`, `count` FROM `Logs` AS `Log`;,[object Object]
2024-01-30T10:18:17.494Z - Executing (default): SELECT `id`, `logtype`, `date`, `desc`, `count` FROM `Logs` AS `Log`;,[object Object]
2024-01-30T10:18:24.909Z - Executing (default): SELECT `id`, `logtype`, `date`, `desc`, `count` FROM `Logs` AS `Log`;,[object Object]
2024-01-30T10:19:20.944Z - Executing (default): SELECT `id`, `logtype`, `date`, `desc`, `count` FROM `Logs` AS `Log`;,[object Object]
2024-01-30T10:19:27.178Z - Executing (default): INSERT INTO `Logs` (`id`,`logtype`,`date`,`desc`,`count`,`createdAt`,`updatedAt`) VALUES (DEFAULT,?,?,?,?,?,?);,[object Object]
2024-01-30T10:19:27.187Z - New log entry created:日志类型 编程 , 日期：2024-01-24T00:00:00.000Z ,内容: TypeScript , 时长: 120
2024-01-30T10:19:39.192Z - Executing (default): SELECT `id`, `logtype`, `date`, `desc`, `count` FROM `Logs` AS `Log`;,[object Object]
2024-01-30T10:20:54.072Z - Executing (default): SELECT `id`, `logtype`, `date`, `desc`, `count` FROM `Logs` AS `Log`;,[object Object]
2024-01-30T10:21:04.696Z - Executing (default): INSERT INTO `Logs` (`id`,`logtype`,`date`,`desc`,`count`,`createdAt`,`updatedAt`) VALUES (DEFAULT,?,?,?,?,?,?);,[object Object]
2024-01-30T10:21:04.702Z - New log entry created:日志类型 编程 , 日期：2024-01-30T00:00:00.000Z ,内容: React , 时长: 22
2024-01-30T10:21:32.397Z - Executing (default): SELECT `id`, `logtype`, `date`, `desc`, `count` FROM `Logs` AS `Log`;,[object Object]
2024-01-30T10:21:42.151Z - Executing (default): INSERT INTO `Logs` (`id`,`logtype`,`date`,`desc`,`count`,`createdAt`,`updatedAt`) VALUES (DEFAULT,?,?,?,?,?,?);,[object Object]
2024-01-30T10:21:42.155Z - New log entry created:日志类型 编程 , 日期：2024-01-25T00:00:00.000Z ,内容: TypeScript , 时长: 22
2024-01-30T10:22:05.492Z - Executing (default): SELECT `id`, `logtype`, `date`, `desc`, `count` FROM `Logs` AS `Log`;,[object Object]
2024-01-30T10:22:11.052Z - Executing (default): INSERT INTO `Logs` (`id`,`logtype`,`date`,`desc`,`count`,`createdAt`,`updatedAt`) VALUES (DEFAULT,?,?,?,?,?,?);,[object Object]
2024-01-30T10:22:11.055Z - New log entry created:日志类型 编程 , 日期：2024-01-23T00:00:00.000Z ,内容: TypeScript , 时长: 22
2024-01-30T10:23:16.175Z - Executing (default): SELECT `id`, `logtype`, `date`, `desc`, `count` FROM `Logs` AS `Log`;,[object Object]
2024-01-30T10:23:26.531Z - Executing (default): SELECT `id`, `logtype`, `date`, `desc`, `count` FROM `Logs` AS `Log`;,[object Object]
2024-01-30T10:24:09.221Z - Executing (default): INSERT INTO `Logs` (`id`,`logtype`,`date`,`desc`,`count`,`createdAt`,`updatedAt`) VALUES (DEFAULT,?,?,?,?,?,?);,[object Object]
2024-01-30T10:24:09.224Z - New log entry created:日志类型 编程 , 日期：2024-01-26T00:00:00.000Z ,内容: TypeScript , 时长: 120
2024-01-30T10:24:09.230Z - Executing (default): SELECT `id`, `logtype`, `date`, `desc`, `count` FROM `Logs` AS `Log`;,[object Object]
2024-01-30T10:29:42.814Z - Executing (default): SELECT `id`, `logtype`, `date`, `desc`, `count` FROM `Logs` AS `Log`;,[object Object]
2024-01-30T10:31:17.210Z - Executing (default): SELECT `id`, `logtype`, `date`, `desc`, `count` FROM `Logs` AS `Log`;,[object Object]
2024-01-30T10:32:51.743Z - Executing (default): SELECT `id`, `logtype`, `date`, `desc`, `count` FROM `Logs` AS `Log`;,[object Object]
2024-01-30T10:33:30.602Z - Executing (default): SELECT `id`, `logtype`, `date`, `desc`, `count` FROM `Logs` AS `Log`;,[object Object]
2024-01-30T10:37:17.952Z - Executing (default): SELECT `id`, `logtype`, `date`, `desc`, `count` FROM `Logs` AS `Log`;,[object Object]
2024-01-30T10:40:47.364Z - Executing (default): SELECT `id`, `logtype`, `date`, `desc`, `count` FROM `Logs` AS `Log`;,[object Object]
2024-01-30T10:41:05.047Z - Executing (default): SELECT `id`, `logtype`, `date`, `desc`, `count` FROM `Logs` AS `Log`;,[object Object]
2024-01-30T10:41:22.789Z - Executing (default): SELECT `id`, `logtype`, `date`, `desc`, `count` FROM `Logs` AS `Log`;,[object Object]
2024-01-30T11:50:53.772Z - Executing (default): SELECT `id`, `logtype`, `date`, `desc`, `count` FROM `Logs` AS `Log`;,[object Object]
2024-01-30T11:50:55.325Z - Executing (default): SELECT `id`, `logtype`, `date`, `desc`, `count` FROM `Logs` AS `Log`;,[object Object]
2024-01-30T11:50:55.482Z - Executing (default): SELECT `id`, `logtype`, `date`, `desc`, `count` FROM `Logs` AS `Log`;,[object Object]
2024-01-30T11:53:48.030Z - Executing (default): SELECT `id`, `logtype`, `date`, `desc`, `count` FROM `Logs` AS `Log`;,[object Object]
2024-01-30T11:53:49.786Z - Executing (default): DELETE FROM `Logs` WHERE `id` = '25',[object Object]
2024-01-30T11:54:11.364Z - Executing (default): SELECT `id`, `logtype`, `date`, `desc`, `count` FROM `Logs` AS `Log`;,[object Object]
2024-01-30T11:56:20.765Z - Executing (default): SELECT `id`, `logtype`, `date`, `desc`, `count` FROM `Logs` AS `Log`;,[object Object]
2024-01-30T11:57:19.757Z - Executing (default): SELECT `id`, `logtype`, `date`, `desc`, `count` FROM `Logs` AS `Log`;,[object Object]
2024-01-30T11:58:54.460Z - Executing (default): SELECT `id`, `logtype`, `date`, `desc`, `count` FROM `Logs` AS `Log`;,[object Object]
2024-01-30T11:59:13.581Z - Executing (default): SELECT `id`, `logtype`, `date`, `desc`, `count` FROM `Logs` AS `Log`;,[object Object]
2024-01-30T12:00:14.760Z - Executing (default): SELECT `id`, `logtype`, `date`, `desc`, `count` FROM `Logs` AS `Log`;,[object Object]
2024-01-30T12:01:08.756Z - Executing (default): SELECT `id`, `logtype`, `date`, `desc`, `count` FROM `Logs` AS `Log`;,[object Object]
2024-01-30T12:05:05.125Z - Executing (default): SELECT `id`, `logtype`, `date`, `desc`, `count` FROM `Logs` AS `Log`;,[object Object]
2024-01-30T12:05:12.144Z - Executing (default): DELETE FROM `Logs` WHERE `id` = '27',[object Object]
2024-01-30T12:05:23.510Z - Executing (default): SELECT `id`, `logtype`, `date`, `desc`, `count` FROM `Logs` AS `Log`;,[object Object]
2024-01-30T12:05:51.781Z - Executing (default): DELETE FROM `Logs` WHERE `id` = '26',[object Object]
2024-01-30T12:07:15.291Z - Executing (default): SELECT `id`, `logtype`, `date`, `desc`, `count` FROM `Logs` AS `Log`;,[object Object]
2024-01-30T12:07:20.500Z - Executing (default): DELETE FROM `Logs` WHERE `id` = '24',[object Object]
2024-01-30T12:07:23.321Z - Executing (default): SELECT `id`, `logtype`, `date`, `desc`, `count` FROM `Logs` AS `Log`;,[object Object]
2024-01-30T12:08:04.225Z - Executing (default): SELECT `id`, `logtype`, `date`, `desc`, `count` FROM `Logs` AS `Log`;,[object Object]
2024-01-30T12:10:08.994Z - Executing (default): SELECT `id`, `logtype`, `date`, `desc`, `count` FROM `Logs` AS `Log`;,[object Object]
2024-01-30T12:10:11.925Z - Executing (default): DELETE FROM `Logs` WHERE `id` = '23',[object Object]
2024-01-30T12:10:11.933Z - Executing (default): SELECT `id`, `logtype`, `date`, `desc`, `count` FROM `Logs` AS `Log`;,[object Object]
2024-01-30T12:10:18.414Z - Executing (default): INSERT INTO `Logs` (`id`,`logtype`,`date`,`desc`,`count`,`createdAt`,`updatedAt`) VALUES (DEFAULT,?,?,?,?,?,?);,[object Object]
2024-01-30T12:10:18.419Z - New log entry created:日志类型 编程 , 日期：2024-01-31T00:00:00.000Z ,内容: React , 时长: 120
2024-01-30T12:10:18.428Z - Executing (default): SELECT `id`, `logtype`, `date`, `desc`, `count` FROM `Logs` AS `Log`;,[object Object]
2024-01-30T12:10:20.733Z - Executing (default): DELETE FROM `Logs` WHERE `id` = '28',[object Object]
2024-01-30T12:10:20.741Z - Executing (default): SELECT `id`, `logtype`, `date`, `desc`, `count` FROM `Logs` AS `Log`;,[object Object]
2024-01-30T12:15:30.550Z - Executing (default): SELECT `id`, `logtype`, `date`, `desc`, `count` FROM `Logs` AS `Log`;,[object Object]
2024-01-30T12:33:22.982Z - Executing (default): SELECT `id`, `logtype`, `date`, `desc`, `count` FROM `Logs` AS `Log`;,[object Object]
2024-01-30T12:34:47.126Z - Executing (default): SELECT `id`, `logtype`, `date`, `desc`, `count` FROM `Logs` AS `Log`;,[object Object]
2024-01-30T12:35:04.822Z - Executing (default): SELECT `id`, `logtype`, `date`, `desc`, `count` FROM `Logs` AS `Log`;,[object Object]
2024-01-30T12:35:05.128Z - Executing (default): SELECT `id`, `logtype`, `date`, `desc`, `count` FROM `Logs` AS `Log`;,[object Object]
2024-01-30T12:35:05.324Z - Executing (default): SELECT `id`, `logtype`, `date`, `desc`, `count` FROM `Logs` AS `Log`;,[object Object]
2024-01-30T12:35:53.457Z - Executing (default): SELECT `id`, `logtype`, `date`, `desc`, `count` FROM `Logs` AS `Log`;,[object Object]
2024-01-30T12:39:02.320Z - Executing (default): SELECT `id`, `logtype`, `date`, `desc`, `count` FROM `Logs` AS `Log`;,[object Object]
2024-01-30T12:40:17.303Z - Executing (default): SELECT `id`, `logtype`, `date`, `desc`, `count` FROM `Logs` AS `Log`;,[object Object]
2024-01-30T12:42:39.789Z - Executing (default): SELECT `id`, `logtype`, `date`, `desc`, `count` FROM `Logs` AS `Log`;,[object Object]
2024-01-30T12:44:10.069Z - Executing (default): SELECT `id`, `logtype`, `date`, `desc`, `count` FROM `Logs` AS `Log`;,[object Object]
2024-01-30T12:56:04.122Z - Executing (default): SELECT `id`, `logtype`, `date`, `desc`, `count` FROM `Logs` AS `Log`;,[object Object]
2024-01-30T13:18:14.857Z - Executing (default): SELECT `id`, `logtype`, `date`, `desc`, `count` FROM `Logs` AS `Log`;,[object Object]
2024-01-30T13:22:16.622Z - Executing (default): SELECT `id`, `logtype`, `date`, `desc`, `count` FROM `Logs` AS `Log`;,[object Object]
2024-01-30T13:23:16.888Z - Executing (default): SELECT `id`, `logtype`, `date`, `desc`, `count` FROM `Logs` AS `Log`;,[object Object]
2024-01-30T13:25:59.511Z - Executing (default): SELECT `id`, `logtype`, `date`, `desc`, `count` FROM `Logs` AS `Log`;,[object Object]
2024-01-30T14:11:33.631Z - Executing (default): SELECT `id`, `logtype`, `date`, `desc`, `count` FROM `Logs` AS `Log`;,[object Object]
2024-01-30T14:13:44.183Z - Executing (default): INSERT INTO `Logs` (`id`,`logtype`,`date`,`desc`,`count`,`createdAt`,`updatedAt`) VALUES (DEFAULT,?,?,?,?,?,?);,[object Object]
2024-01-30T14:13:44.186Z - New log entry created:日志类型 编程 , 日期：2024-01-30T00:00:00.000Z ,内容: React , 时长: 120
2024-01-30T14:13:44.196Z - Executing (default): SELECT `id`, `logtype`, `date`, `desc`, `count` FROM `Logs` AS `Log`;,[object Object]
2024-01-30T14:33:52.615Z - Executing (default): SELECT `id`, `logtype`, `date`, `desc`, `count` FROM `Logs` AS `Log`;,[object Object]
2024-01-30T14:34:16.814Z - Executing (default): DELETE FROM `Logs` WHERE `id` = '29',[object Object]
2024-01-30T14:34:16.825Z - Executing (default): SELECT `id`, `logtype`, `date`, `desc`, `count` FROM `Logs` AS `Log`;,[object Object]
2024-01-30T14:34:35.596Z - Executing (default): INSERT INTO `Logs` (`id`,`logtype`,`date`,`desc`,`count`,`createdAt`,`updatedAt`) VALUES (DEFAULT,?,?,?,?,?,?);,[object Object]
2024-01-30T14:34:35.599Z - New log entry created:日志类型 编程 , 日期：2024-01-30T00:00:00.000Z ,内容: React , 时长: 120
2024-01-30T14:34:35.608Z - Executing (default): SELECT `id`, `logtype`, `date`, `desc`, `count` FROM `Logs` AS `Log`;,[object Object]
2024-01-30T14:36:17.993Z - Executing (default): SELECT `id`, `logtype`, `date`, `desc`, `count` FROM `Logs` AS `Log`;,[object Object]
2024-01-30T14:36:56.800Z - Executing (default): SELECT `id`, `logtype`, `date`, `desc`, `count` FROM `Logs` AS `Log`;,[object Object]
2024-01-30T14:40:35.143Z - Executing (default): SELECT `id`, `logtype`, `date`, `desc`, `count` FROM `Logs` AS `Log`;,[object Object]
2024-01-30T14:45:16.511Z - Executing (default): SELECT `id`, `logtype`, `date`, `desc`, `count` FROM `Logs` AS `Log`;,[object Object]
2024-02-02T09:34:26.372Z - Executing (default): SELECT 1+1 AS result,[object Object]
2024-02-02T09:34:26.380Z - Executing (default): SELECT TABLE_NAME FROM INFORMATION_SCHEMA.TABLES WHERE TABLE_TYPE = 'BASE TABLE' AND TABLE_NAME = 'Logs' AND TABLE_SCHEMA = 'test',[object Object]
2024-02-02T09:34:26.392Z - Executing (default): SHOW INDEX FROM `Logs`,[object Object]
2024-02-02T09:36:30.904Z - Executing (default): SELECT `id`, `logtype`, `date`, `desc`, `count` FROM `Logs` AS `Log`;,[object Object]
2024-02-02T09:37:04.261Z - Executing (default): SELECT `id`, `logtype`, `date`, `desc`, `count` FROM `Logs` AS `Log`;,[object Object]
2024-02-02T09:37:19.361Z - Executing (default): SELECT `id`, `logtype`, `date`, `desc`, `count` FROM `Logs` AS `Log`;,[object Object]
2024-02-02T09:37:43.443Z - Executing (default): INSERT INTO `Logs` (`id`,`logtype`,`date`,`desc`,`count`,`createdAt`,`updatedAt`) VALUES (DEFAULT,?,?,?,?,?,?);,[object Object]
2024-02-02T09:37:43.450Z - New log entry created:日志类型 编程 , 日期：2024-02-03T00:00:00.000Z ,内容: TypeScript , 时长: 20
2024-02-02T09:37:43.458Z - Executing (default): SELECT `id`, `logtype`, `date`, `desc`, `count` FROM `Logs` AS `Log`;,[object Object]
2024-02-02T09:37:47.153Z - Executing (default): SELECT `id`, `logtype`, `date`, `desc`, `count` FROM `Logs` AS `Log`;,[object Object]
2024-02-02T09:37:56.857Z - Executing (default): SELECT `id`, `logtype`, `date`, `desc`, `count` FROM `Logs` AS `Log`;,[object Object]
2024-02-02T09:38:15.667Z - Executing (default): INSERT INTO `Logs` (`id`,`logtype`,`date`,`desc`,`count`,`createdAt`,`updatedAt`) VALUES (DEFAULT,?,?,?,?,?,?);,[object Object]
2024-02-02T09:38:15.671Z - New log entry created:日志类型 编程 , 日期：2024-02-02T00:00:00.000Z ,内容: TypeScript , 时长: 20
2024-02-02T09:38:15.682Z - Executing (default): SELECT `id`, `logtype`, `date`, `desc`, `count` FROM `Logs` AS `Log`;,[object Object]
2024-02-02T09:38:19.240Z - Executing (default): SELECT `id`, `logtype`, `date`, `desc`, `count` FROM `Logs` AS `Log`;,[object Object]
2024-02-02T09:40:00.066Z - Executing (default): INSERT INTO `Logs` (`id`,`logtype`,`date`,`desc`,`count`,`createdAt`,`updatedAt`) VALUES (DEFAULT,?,?,?,?,?,?);,[object Object]
2024-02-02T09:40:00.070Z - New log entry created:日志类型 编程 , 日期：2024-02-03T00:00:00.000Z ,内容: 学习react , 时长: 120
2024-02-02T09:40:00.078Z - Executing (default): SELECT `id`, `logtype`, `date`, `desc`, `count` FROM `Logs` AS `Log`;,[object Object]
2024-02-02T09:44:28.797Z - Executing (default): SELECT 1+1 AS result,[object Object]
2024-02-02T09:44:28.806Z - Executing (default): SELECT TABLE_NAME FROM INFORMATION_SCHEMA.TABLES WHERE TABLE_TYPE = 'BASE TABLE' AND TABLE_NAME = 'Logs' AND TABLE_SCHEMA = 'test',[object Object]
2024-02-02T09:44:28.815Z - Executing (default): SHOW INDEX FROM `Logs`,[object Object]
2024-02-02T09:45:24.153Z - Executing (default): SELECT 1+1 AS result,[object Object]
2024-02-02T09:45:24.164Z - Executing (default): SELECT TABLE_NAME FROM INFORMATION_SCHEMA.TABLES WHERE TABLE_TYPE = 'BASE TABLE' AND TABLE_NAME = 'Logs' AND TABLE_SCHEMA = 'test',[object Object]
2024-02-02T09:45:24.176Z - Executing (default): SHOW INDEX FROM `Logs`,[object Object]
2024-02-02T09:46:08.255Z - Executing (default): SELECT `id`, `logtype`, `date`, `desc`, `count` FROM `Logs` AS `Log`;,[object Object]
2024-02-02T09:46:09.146Z - Executing (default): SELECT `id`, `logtype`, `date`, `desc`, `count` FROM `Logs` AS `Log`;,[object Object]
2024-02-02T09:46:09.325Z - Executing (default): SELECT `id`, `logtype`, `date`, `desc`, `count` FROM `Logs` AS `Log`;,[object Object]
2024-02-02T09:46:09.512Z - Executing (default): SELECT `id`, `logtype`, `date`, `desc`, `count` FROM `Logs` AS `Log`;,[object Object]
2024-02-02T09:46:09.683Z - Executing (default): SELECT `id`, `logtype`, `date`, `desc`, `count` FROM `Logs` AS `Log`;,[object Object]
