2024-01-11T09:26:54.182Z - Executing (default): SELECT 1+1 AS result 
2024-01-11T09:26:54.186Z - Executing (default): DROP TABLE IF EXISTS `user`; 
2024-01-11T09:26:54.196Z - Executing (default): DROP TABLE IF EXISTS `announcement`; 
2024-01-11T09:26:54.203Z - Executing (default): DROP TABLE IF EXISTS `teacher`; 
2024-01-11T09:26:54.213Z - Executing (default): DROP TABLE IF EXISTS `grade`; 
2024-01-11T09:26:54.221Z - Executing (default): DROP TABLE IF EXISTS `student`; 
2024-01-11T09:26:54.229Z - Executing (default): SELECT CONSTRAINT_NAME as constraint_name,CONSTRAINT_NAME as constraintName,CONSTRAINT_SCHEMA as constraintSchema,CONSTRAINT_SCHEMA as constraintCatalog,TABLE_NAME as tableName,TABLE_SCHEMA as tableSchema,TABLE_SCHEMA as tableCatalog,COLUMN_NAME as columnName,REFERENCED_TABLE_SCHEMA as referencedTableSchema,REFERENCED_TABLE_SCHEMA as referencedTableCatalog,REFERENCED_TABLE_NAME as referencedTableName,REFERENCED_COLUMN_NAME as referencedColumnName FROM INFORMATION_SCHEMA.KEY_COLUMN_USAGE where TABLE_NAME = 'student' AND CONSTRAINT_NAME!='PRIMARY' AND CONSTRAINT_SCHEMA='stu_sys' AND REFERENCED_TABLE_NAME IS NOT NULL; 
2024-01-11T09:26:54.234Z - Executing (default): SELECT CONSTRAINT_NAME as constraint_name,CONSTRAINT_NAME as constraintName,CONSTRAINT_SCHEMA as constraintSchema,CONSTRAINT_SCHEMA as constraintCatalog,TABLE_NAME as tableName,TABLE_SCHEMA as tableSchema,TABLE_SCHEMA as tableCatalog,COLUMN_NAME as columnName,REFERENCED_TABLE_SCHEMA as referencedTableSchema,REFERENCED_TABLE_SCHEMA as referencedTableCatalog,REFERENCED_TABLE_NAME as referencedTableName,REFERENCED_COLUMN_NAME as referencedColumnName FROM INFORMATION_SCHEMA.KEY_COLUMN_USAGE where TABLE_NAME = 'grade' AND CONSTRAINT_NAME!='PRIMARY' AND CONSTRAINT_SCHEMA='stu_sys' AND REFERENCED_TABLE_NAME IS NOT NULL; 
2024-01-11T09:26:54.237Z - Executing (default): SELECT CONSTRAINT_NAME as constraint_name,CONSTRAINT_NAME as constraintName,CONSTRAINT_SCHEMA as constraintSchema,CONSTRAINT_SCHEMA as constraintCatalog,TABLE_NAME as tableName,TABLE_SCHEMA as tableSchema,TABLE_SCHEMA as tableCatalog,COLUMN_NAME as columnName,REFERENCED_TABLE_SCHEMA as referencedTableSchema,REFERENCED_TABLE_SCHEMA as referencedTableCatalog,REFERENCED_TABLE_NAME as referencedTableName,REFERENCED_COLUMN_NAME as referencedColumnName FROM INFORMATION_SCHEMA.KEY_COLUMN_USAGE where TABLE_NAME = 'teacher' AND CONSTRAINT_NAME!='PRIMARY' AND CONSTRAINT_SCHEMA='stu_sys' AND REFERENCED_TABLE_NAME IS NOT NULL; 
2024-01-11T09:26:54.241Z - Executing (default): SELECT CONSTRAINT_NAME as constraint_name,CONSTRAINT_NAME as constraintName,CONSTRAINT_SCHEMA as constraintSchema,CONSTRAINT_SCHEMA as constraintCatalog,TABLE_NAME as tableName,TABLE_SCHEMA as tableSchema,TABLE_SCHEMA as tableCatalog,COLUMN_NAME as columnName,REFERENCED_TABLE_SCHEMA as referencedTableSchema,REFERENCED_TABLE_SCHEMA as referencedTableCatalog,REFERENCED_TABLE_NAME as referencedTableName,REFERENCED_COLUMN_NAME as referencedColumnName FROM INFORMATION_SCHEMA.KEY_COLUMN_USAGE where TABLE_NAME = 'announcement' AND CONSTRAINT_NAME!='PRIMARY' AND CONSTRAINT_SCHEMA='stu_sys' AND REFERENCED_TABLE_NAME IS NOT NULL; 
2024-01-11T09:26:54.244Z - Executing (default): SELECT CONSTRAINT_NAME as constraint_name,CONSTRAINT_NAME as constraintName,CONSTRAINT_SCHEMA as constraintSchema,CONSTRAINT_SCHEMA as constraintCatalog,TABLE_NAME as tableName,TABLE_SCHEMA as tableSchema,TABLE_SCHEMA as tableCatalog,COLUMN_NAME as columnName,REFERENCED_TABLE_SCHEMA as referencedTableSchema,REFERENCED_TABLE_SCHEMA as referencedTableCatalog,REFERENCED_TABLE_NAME as referencedTableName,REFERENCED_COLUMN_NAME as referencedColumnName FROM INFORMATION_SCHEMA.KEY_COLUMN_USAGE where TABLE_NAME = 'user' AND CONSTRAINT_NAME!='PRIMARY' AND CONSTRAINT_SCHEMA='stu_sys' AND REFERENCED_TABLE_NAME IS NOT NULL; 
2024-01-11T09:26:54.247Z - Executing (default): DROP TABLE IF EXISTS `student`; 
2024-01-11T09:26:54.248Z - Executing (default): DROP TABLE IF EXISTS `grade`; 
2024-01-11T09:26:54.250Z - Executing (default): DROP TABLE IF EXISTS `teacher`; 
2024-01-11T09:26:54.252Z - Executing (default): DROP TABLE IF EXISTS `announcement`; 
2024-01-11T09:26:54.253Z - Executing (default): DROP TABLE IF EXISTS `user`; 
2024-01-11T09:26:54.256Z - Executing (default): DROP TABLE IF EXISTS `student`; 
2024-01-11T09:26:54.259Z - Executing (default): CREATE TABLE IF NOT EXISTS `student` (`id` INTEGER NOT NULL auto_increment , `student_number` VARCHAR(255) NOT NULL UNIQUE, `name` VARCHAR(255) NOT NULL, `gender` VARCHAR(255) NOT NULL, `date_of_birth` DATE NOT NULL, `major` VARCHAR(255) NOT NULL, `grade` VARCHAR(255) NOT NULL, `class` VARCHAR(255) NOT NULL, `contact` VARCHAR(255) NOT NULL, `address` VARCHAR(255) NOT NULL, `registration_date` DATE NOT NULL, `createdAt` DATETIME NOT NULL, `updatedAt` DATETIME NOT NULL, PRIMARY KEY (`id`)) ENGINE=InnoDB; 
2024-01-11T09:26:54.280Z - Executing (default): SHOW INDEX FROM `student` 
2024-01-11T09:26:54.285Z - Executing (default): DROP TABLE IF EXISTS `grade`; 
2024-01-11T09:26:54.287Z - Executing (default): CREATE TABLE IF NOT EXISTS `grade` (`id` INTEGER NOT NULL auto_increment , `student_id` INTEGER NOT NULL, `subject` VARCHAR(255) NOT NULL, `score` FLOAT NOT NULL, `evaluation_date` DATE, `createdAt` DATETIME NOT NULL, `updatedAt` DATETIME NOT NULL, PRIMARY KEY (`id`), FOREIGN KEY (`student_id`) REFERENCES `student` (`id`)) ENGINE=InnoDB; 
2024-01-11T09:26:54.323Z - Executing (default): SHOW INDEX FROM `grade` 
2024-01-11T09:26:54.327Z - Executing (default): DROP TABLE IF EXISTS `teacher`; 
2024-01-11T09:26:54.330Z - Executing (default): CREATE TABLE IF NOT EXISTS `teacher` (`id` INTEGER NOT NULL auto_increment , `name` VARCHAR(255) NOT NULL, `field_of_study` VARCHAR(255) NOT NULL, `contact` VARCHAR(255) NOT NULL, `office_address` VARCHAR(255) NOT NULL, `createdAt` DATETIME NOT NULL, `updatedAt` DATETIME NOT NULL, PRIMARY KEY (`id`)) ENGINE=InnoDB; 
2024-01-11T09:26:54.358Z - Executing (default): SHOW INDEX FROM `teacher` 
2024-01-11T09:26:54.364Z - Executing (default): DROP TABLE IF EXISTS `announcement`; 
2024-01-11T09:26:54.367Z - Executing (default): CREATE TABLE IF NOT EXISTS `announcement` (`id` INTEGER NOT NULL auto_increment , `title` VARCHAR(255) NOT NULL, `content` TEXT NOT NULL, `date_posted` DATETIME NOT NULL, `author_id` INTEGER NOT NULL, `createdAt` DATETIME NOT NULL, `updatedAt` DATETIME NOT NULL, PRIMARY KEY (`id`), FOREIGN KEY (`author_id`) REFERENCES `teacher` (`id`)) ENGINE=InnoDB; 
2024-01-11T09:26:54.391Z - Executing (default): SHOW INDEX FROM `announcement` 
2024-01-11T09:26:54.395Z - Executing (default): DROP TABLE IF EXISTS `user`; 
2024-01-11T09:26:54.397Z - Executing (default): CREATE TABLE IF NOT EXISTS `user` (`id` INTEGER NOT NULL auto_increment , `username` VARCHAR(255) NOT NULL UNIQUE, `password` VARCHAR(255) NOT NULL, `user_type` VARCHAR(255) NOT NULL, `createdAt` DATETIME NOT NULL, `updatedAt` DATETIME NOT NULL, PRIMARY KEY (`id`)) ENGINE=InnoDB; 
2024-01-11T09:26:54.429Z - Executing (default): SHOW INDEX FROM `user` 
2024-01-12T08:36:40.868Z - Executing (default): SELECT 1+1 AS result 
2024-01-12T08:36:40.872Z - Executing (default): SELECT TABLE_NAME FROM INFORMATION_SCHEMA.TABLES WHERE TABLE_TYPE = 'BASE TABLE' AND TABLE_NAME = 'student' AND TABLE_SCHEMA = 'stu_sys' 
2024-01-12T08:36:40.879Z - Executing (default): SHOW INDEX FROM `student` 
2024-01-12T08:36:40.888Z - Executing (default): SELECT TABLE_NAME FROM INFORMATION_SCHEMA.TABLES WHERE TABLE_TYPE = 'BASE TABLE' AND TABLE_NAME = 'grade' AND TABLE_SCHEMA = 'stu_sys' 
2024-01-12T08:36:40.892Z - Executing (default): SHOW INDEX FROM `grade` 
2024-01-12T08:36:40.897Z - Executing (default): SELECT TABLE_NAME FROM INFORMATION_SCHEMA.TABLES WHERE TABLE_TYPE = 'BASE TABLE' AND TABLE_NAME = 'teacher' AND TABLE_SCHEMA = 'stu_sys' 
2024-01-12T08:36:40.900Z - Executing (default): SHOW INDEX FROM `teacher` 
2024-01-12T08:36:40.904Z - Executing (default): SELECT TABLE_NAME FROM INFORMATION_SCHEMA.TABLES WHERE TABLE_TYPE = 'BASE TABLE' AND TABLE_NAME = 'announcement' AND TABLE_SCHEMA = 'stu_sys' 
2024-01-12T08:36:40.907Z - Executing (default): SHOW INDEX FROM `announcement` 
2024-01-12T08:36:40.911Z - Executing (default): SELECT TABLE_NAME FROM INFORMATION_SCHEMA.TABLES WHERE TABLE_TYPE = 'BASE TABLE' AND TABLE_NAME = 'user' AND TABLE_SCHEMA = 'stu_sys' 
2024-01-12T08:36:40.914Z - Executing (default): SHOW INDEX FROM `user` 
